<?xml version="1.0" encoding="UTF-8"?>
<testsuite xmlns:xsi="http://www.w3.org/2001/XMLSchema-instance" xsi:noNamespaceSchemaLocation="https://maven.apache.org/surefire/maven-surefire-plugin/xsd/surefire-test-report-3.0.xsd" version="3.0" name="Krafttech Dashboard Test" time="0.14" tests="1" errors="1" skipped="0" failures="0">
  <properties>
[...]
</properties>
  <testcase name="Login as Jhon Nash" classname="Krafttech Dashboard Test" time="0.14">
    <error message="Cannot invoke &quot;org.openqa.selenium.WebDriver.quit()&quot; because the return value of &quot;java.lang.InheritableThreadLocal.get()&quot; is null" type="java.lang.NullPointerException"><![CDATA[java.lang.NullPointerException: Cannot invoke "org.openqa.selenium.WebDriver.quit()" because the return value of "java.lang.InheritableThreadLocal.get()" is null
	at com.krafttech.utilities.Driver.closeDriver(Driver.java:76)
	at com.krafttech.step_definitions.Hooks.tearDown(Hooks.java:27)
]]></error>
    <system-out><![CDATA[	This is coming from Before Method
I am on the dashboard page
I got the text of dashboard
I went to the My Profile menu and got the text
I am on the My Profile module
	This is coming from After Method
]]></system-out>
  </testcase>
</testsuite>